<?xml version="1.0" encoding="UTF-8"?>
<testsuite name="utils.MazeManagerTest" tests="7" skipped="0" failures="0" errors="0" timestamp="2021-03-01T14:39:11" hostname="DESKTOP-FEALU5V" time="0.059">
  <properties/>
  <testcase name="Get possible actions - up and down" classname="utils.MazeManagerTest" time="0.044"/>
  <testcase name="isWall() checks if the chosen coordinate is a wall" classname="utils.MazeManagerTest" time="0.001"/>
  <testcase name="getReward() returns the given value in the file" classname="utils.MazeManagerTest" time="0.002"/>
  <testcase name="printMaze() prints the maze justified" classname="utils.MazeManagerTest" time="0.007"/>
  <testcase name="getReward() returns -0,04 for start point" classname="utils.MazeManagerTest" time="0.0"/>
  <testcase name="A wall does not have possible actions" classname="utils.MazeManagerTest" time="0.0"/>
  <testcase name="Get possible actions - left and right" classname="utils.MazeManagerTest" time="0.001"/>
  <system-out><![CDATA[]]></system-out>
  <system-err><![CDATA[]]></system-err>
</testsuite>
